<?xml version="1.0" encoding="UTF-8"?>
<testsuite name="com.BridgeLabz.HotelReservationSystem.HotelReservationSystemTest" tests="1" skipped="0" failures="0" errors="0" timestamp="2022-03-07T03:23:17" hostname="DESKTOP-7O2OJUS" time="0.038">
  <properties/>
  <testcase name="hotelAddTest()" classname="com.BridgeLabz.HotelReservationSystem.HotelReservationSystemTest" time="0.038"/>
  <system-out><![CDATA[]]></system-out>
  <system-err><![CDATA[]]></system-err>
</testsuite>
