<?xml version="1.0" encoding="UTF-8"?>
<testsuite name="com.BridgeLabz.HotelReservationSystem.HotelReservationSystemTest" tests="1" skipped="0" failures="0" errors="0" timestamp="2022-03-08T17:15:40" hostname="DESKTOP-7O2OJUS" time="0.049">
  <properties/>
  <testcase name="checkCheapestRateHotel()" classname="com.BridgeLabz.HotelReservationSystem.HotelReservationSystemTest" time="0.049"/>
  <system-out><![CDATA[com.BridgeLabz.HotelReservationSystem.Hotel@247232e8
]]></system-out>
  <system-err><![CDATA[]]></system-err>
</testsuite>
